<?xml version="1.0" encoding="UTF-8" ?>
<testsuite tests="8" failures="0" name="com.cucumber.MavenCucumberLogin.LoginRunnerTest" time="0.008" errors="0" skipped="0">
  <properties>
[...]
</properties>
  <testcase classname="Scenario: Logging in Guru99 banking website" name="Given I go to &quot;loginURL&quot; on &quot;Mozila&quot;" time="0.007"/>
  <testcase classname="Scenario: Logging in Guru99 banking website" name="And I enter &quot;loginusername&quot; as &quot;mngr253411&quot;" time="0"/>
  <testcase classname="Scenario: Logging in Guru99 banking website" name="And I enter &quot;loginpassword&quot; as &quot;YdYsytA&quot;" time="0"/>
  <testcase classname="Scenario: Logging in Guru99 banking website" name="And I click on &quot;LoginButton&quot;" time="0"/>
  <testcase classname="Scenario: Logging in Guru99 banking website" name="Then login should be &quot;success&quot;" time="0"/>
  <testcase classname="Scenario: Logging in Guru99 banking website" name="And I click on &quot;newcustomer&quot;" time="0"/>
  <testcase classname="Scenario: Logging in Guru99 banking website" name="And close the browser" time="0"/>
  <testcase classname="Scenario: Logging in Guru99 banking website" name="Scenario: Logging in Guru99 banking website" time="0.001"/>
</testsuite>